# JRE version: OpenJDK Runtime Environment Microsoft-10800295 (17.0.14+7) (build 17.0.14+7-LTS)
# Java VM: OpenJDK 64-Bit Server VM Microsoft-10800295 (17.0.14+7-LTS, mixed mode, sharing, tiered, compressed oops, compressed class ptrs, g1 gc, windows-amd64)
GC Precious Log:
 CPUs: 4 total, 4 available
 Memory: 8070M
 Large Page Support: Disabled
 NUMA Support: Disabled
 Compressed Oops: Enabled (32-bit)
 Heap Region Size: 1M
 Heap Min Capacity: 8M
 Heap Initial Capacity: 128M
 Heap Max Capacity: 2G
 Pre-touch: Disabled
 Parallel Workers: 4
 Concurrent Workers: 1
 Concurrent Refinement Workers: 4
 Periodic GC: Disabled
Heap:
 garbage-first heap   total 202752K, used 108267K [0x0000000080000000, 0x0000000100000000)
  region size 1024K, 2 young (2048K), 2 survivors (2048K)
 Metaspace       used 92161K, committed 93120K, reserved 557056K
  class space    used 12588K, committed 13056K, reserved 425984K
GC Heap History (20 events):
Event: 23.070 GC heap after
{Heap after GC invocations=33 (full 0):
 garbage-first heap   total 202752K, used 70641K [0x0000000080000000, 0x0000000100000000)
  region size 1024K, 2 young (2048K), 2 survivors (2048K)
 Metaspace       used 76138K, committed 76928K, reserved 557056K
  class space    used 10637K, committed 11008K, reserved 425984K
}
Event: 24.768 GC heap before
{Heap before GC invocations=33 (full 0):
 garbage-first heap   total 202752K, used 132081K [0x0000000080000000, 0x0000000100000000)
  region size 1024K, 64 young (65536K), 2 survivors (2048K)
 Metaspace       used 78875K, committed 79680K, reserved 557056K
  class space    used 11085K, committed 11456K, reserved 425984K
}
Event: 24.778 GC heap after
{Heap after GC invocations=34 (full 0):
 garbage-first heap   total 202752K, used 78176K [0x0000000080000000, 0x0000000100000000)
  region size 1024K, 9 young (9216K), 9 survivors (9216K)
 Metaspace       used 78875K, committed 79680K, reserved 557056K
  class space    used 11085K, committed 11456K, reserved 425984K
}
Event: 26.462 GC heap before
{Heap before GC invocations=35 (full 0):
 garbage-first heap   total 202752K, used 161120K [0x0000000080000000, 0x0000000100000000)
  region size 1024K, 89 young (91136K), 9 survivors (9216K)
 Metaspace       used 80495K, committed 81344K, reserved 557056K
  class space    used 11230K, committed 11648K, reserved 425984K
}
Event: 26.476 GC heap after
{Heap after GC invocations=36 (full 0):
 garbage-first heap   total 202752K, used 85268K [0x0000000080000000, 0x0000000100000000)
  region size 1024K, 10 young (10240K), 10 survivors (10240K)
 Metaspace       used 80495K, committed 81344K, reserved 557056K
  class space    used 11230K, committed 11648K, reserved 425984K
}
Event: 26.486 GC heap before
{Heap before GC invocations=36 (full 0):
 garbage-first heap   total 202752K, used 86292K [0x0000000080000000, 0x0000000100000000)
  region size 1024K, 11 young (11264K), 10 survivors (10240K)
 Metaspace       used 80506K, committed 81344K, reserved 557056K
  class space    used 11230K, committed 11648K, reserved 425984K
}
Event: 26.494 GC heap after
{Heap after GC invocations=37 (full 0):
 garbage-first heap   total 202752K, used 85312K [0x0000000080000000, 0x0000000100000000)
  region size 1024K, 2 young (2048K), 2 survivors (2048K)
 Metaspace       used 80506K, committed 81344K, reserved 557056K
  class space    used 11230K, committed 11648K, reserved 425984K
}
Event: 27.256 GC heap before
{Heap before GC invocations=37 (full 0):
 garbage-first heap   total 202752K, used 159040K [0x0000000080000000, 0x0000000100000000)
  region size 1024K, 74 young (75776K), 2 survivors (2048K)
 Metaspace       used 80527K, committed 81408K, reserved 557056K
  class space    used 11230K, committed 11648K, reserved 425984K
}
Event: 27.262 GC heap after
{Heap after GC invocations=38 (full 0):
 garbage-first heap   total 202752K, used 89304K [0x0000000080000000, 0x0000000100000000)
  region size 1024K, 6 young (6144K), 6 survivors (6144K)
 Metaspace       used 80527K, committed 81408K, reserved 557056K
  class space    used 11230K, committed 11648K, reserved 425984K
}
Event: 28.649 GC heap before
{Heap before GC invocations=39 (full 0):
 garbage-first heap   total 202752K, used 168152K [0x0000000080000000, 0x0000000100000000)
  region size 1024K, 77 young (78848K), 6 survivors (6144K)
 Metaspace       used 81658K, committed 82560K, reserved 557056K
  class space    used 11373K, committed 11776K, reserved 425984K
}
Event: 28.659 GC heap after
{Heap after GC invocations=40 (full 0):
 garbage-first heap   total 202752K, used 103044K [0x0000000080000000, 0x0000000100000000)
  region size 1024K, 10 young (10240K), 10 survivors (10240K)
 Metaspace       used 81658K, committed 82560K, reserved 557056K
  class space    used 11373K, committed 11776K, reserved 425984K
}
Event: 28.670 GC heap before
{Heap before GC invocations=40 (full 0):
 garbage-first heap   total 202752K, used 103044K [0x0000000080000000, 0x0000000100000000)
  region size 1024K, 11 young (11264K), 10 survivors (10240K)
 Metaspace       used 81696K, committed 82624K, reserved 557056K
  class space    used 11380K, committed 11776K, reserved 425984K
}
Event: 28.676 GC heap after
{Heap after GC invocations=41 (full 0):
 garbage-first heap   total 202752K, used 101507K [0x0000000080000000, 0x0000000100000000)
  region size 1024K, 1 young (1024K), 1 survivors (1024K)
 Metaspace       used 81696K, committed 82624K, reserved 557056K
  class space    used 11380K, committed 11776K, reserved 425984K
}
Event: 29.456 GC heap before
{Heap before GC invocations=41 (full 0):
 garbage-first heap   total 202752K, used 159875K [0x0000000080000000, 0x0000000100000000)
  region size 1024K, 58 young (59392K), 1 survivors (1024K)
 Metaspace       used 86711K, committed 87680K, reserved 557056K
  class space    used 11882K, committed 12352K, reserved 425984K
}
Event: 29.460 GC heap after
{Heap after GC invocations=42 (full 0):
 garbage-first heap   total 202752K, used 102146K [0x0000000080000000, 0x0000000100000000)
  region size 1024K, 2 young (2048K), 2 survivors (2048K)
 Metaspace       used 86711K, committed 87680K, reserved 557056K
  class space    used 11882K, committed 12352K, reserved 425984K
}
Event: 30.728 GC heap before
{Heap before GC invocations=43 (full 0):
 garbage-first heap   total 202752K, used 167682K [0x0000000080000000, 0x0000000100000000)
  region size 1024K, 61 young (62464K), 2 survivors (2048K)
 Metaspace       used 89727K, committed 90624K, reserved 557056K
  class space    used 12303K, committed 12736K, reserved 425984K
}
Event: 30.737 GC heap after
{Heap after GC invocations=44 (full 0):
 garbage-first heap   total 202752K, used 108523K [0x0000000080000000, 0x0000000100000000)
  region size 1024K, 7 young (7168K), 7 survivors (7168K)
 Metaspace       used 89727K, committed 90624K, reserved 557056K
  class space    used 12303K, committed 12736K, reserved 425984K
}
Event: 30.802 GC heap before
{Heap before GC invocations=44 (full 0):
 garbage-first heap   total 202752K, used 110571K [0x0000000080000000, 0x0000000100000000)
  region size 1024K, 9 young (9216K), 7 survivors (7168K)
 Metaspace       used 89873K, committed 90816K, reserved 557056K
  class space    used 12318K, committed 12800K, reserved 425984K
}
Event: 30.810 GC heap after
{Heap after GC invocations=45 (full 0):
 garbage-first heap   total 202752K, used 107836K [0x0000000080000000, 0x0000000100000000)
  region size 1024K, 1 young (1024K), 1 survivors (1024K)
 Metaspace       used 89873K, committed 90816K, reserved 557056K
  class space    used 12318K, committed 12800K, reserved 425984K
}
Event: 31.439 GC heap before
{Heap before GC invocations=45 (full 0):
 garbage-first heap   total 202752K, used 133436K [0x0000000080000000, 0x0000000100000000)
  region size 1024K, 28 young (28672K), 1 survivors (1024K)
 Metaspace       used 92161K, committed 93120K, reserved 557056K
  class space    used 12588K, committed 13056K, reserved 425984K
}

